<?xml version="1.0" encoding="UTF-8"?>
<!-- Generated by org.testng.reporters.JUnitReportReporter -->
<testsuite skipped="0" hostname="LAPTOP-S0J4DV0N" name="prac.mda.testCases.SearchTest" tests="1" failures="0" timestamp="2021-10-16T19:14:51 IST" time="43.738" errors="0">
  <testcase name="searchTest" time="43.738" classname="prac.mda.testCases.SearchTest"/>
  <system-out/>
</testsuite> <!-- prac.mda.testCases.SearchTest -->
